[12:46:23] [main/INFO] [GradleStart]: username: miguel.mzbi@gmail.com
[12:46:23] [main/INFO] [GradleStart]: Extra: []
[12:46:23] [main/INFO] [GradleStart]: Password found, attempting login
[12:46:24] [main/INFO] [GradleStart]: Login Succesful!
[12:46:25] [main/INFO] [GradleStart]: Running with arguments: [--userProperties, [], --assetsDir, /home/miguel/.gradle/caches/minecraft/assets, --assetIndex, 1.8, --userType, mojang, --accessToken{REDACTED}, --version, 1.8.9, --uuid, 05b238af439b445694c883ee89589424, --username, osoazul1_1, --tweakClass, net.minecraftforge.fml.common.launcher.FMLTweaker, --tweakClass, net.minecraftforge.gradle.tweakers.CoremodTweaker]
[12:46:25] [main/INFO] [LaunchWrapper]: Loading tweak class name net.minecraftforge.fml.common.launcher.FMLTweaker
[12:46:25] [main/INFO] [LaunchWrapper]: Using primary tweak class name net.minecraftforge.fml.common.launcher.FMLTweaker
[12:46:25] [main/INFO] [LaunchWrapper]: Loading tweak class name net.minecraftforge.gradle.tweakers.CoremodTweaker
[12:46:25] [main/INFO] [LaunchWrapper]: Calling tweak class net.minecraftforge.fml.common.launcher.FMLTweaker
[12:47:36] [main/INFO] [GradleStart]: Extra: []
[12:47:36] [main/INFO] [GradleStart]: Running with arguments: [--tweakClass, net.minecraftforge.fml.common.launcher.FMLServerTweaker, --tweakClass, net.minecraftforge.gradle.tweakers.CoremodTweaker]
[12:47:36] [main/INFO] [LaunchWrapper]: Loading tweak class name net.minecraftforge.fml.common.launcher.FMLServerTweaker
[12:47:36] [main/INFO] [LaunchWrapper]: Using primary tweak class name net.minecraftforge.fml.common.launcher.FMLServerTweaker
[12:47:36] [main/INFO] [LaunchWrapper]: Loading tweak class name net.minecraftforge.gradle.tweakers.CoremodTweaker
[12:47:36] [main/INFO] [LaunchWrapper]: Calling tweak class net.minecraftforge.fml.common.launcher.FMLServerTweaker
[08:27:22] [main/INFO] [GradleStart]: Extra: []
[08:27:22] [main/INFO] [GradleStart]: Running with arguments: [--tweakClass, net.minecraftforge.fml.common.launcher.FMLServerTweaker, --tweakClass, net.minecraftforge.gradle.tweakers.CoremodTweaker]
[08:27:22] [main/INFO] [LaunchWrapper]: Loading tweak class name net.minecraftforge.fml.common.launcher.FMLServerTweaker
[08:27:22] [main/INFO] [LaunchWrapper]: Using primary tweak class name net.minecraftforge.fml.common.launcher.FMLServerTweaker
[08:27:22] [main/INFO] [LaunchWrapper]: Loading tweak class name net.minecraftforge.gradle.tweakers.CoremodTweaker
[08:27:22] [main/INFO] [LaunchWrapper]: Calling tweak class net.minecraftforge.fml.common.launcher.FMLServerTweaker
[08:28:57] [main/INFO] [GradleStart]: Extra: []
[08:28:57] [main/INFO] [GradleStart]: Running with arguments: [--tweakClass, net.minecraftforge.fml.common.launcher.FMLServerTweaker, --tweakClass, net.minecraftforge.gradle.tweakers.CoremodTweaker]
[08:28:57] [main/INFO] [LaunchWrapper]: Loading tweak class name net.minecraftforge.fml.common.launcher.FMLServerTweaker
[08:28:57] [main/INFO] [LaunchWrapper]: Using primary tweak class name net.minecraftforge.fml.common.launcher.FMLServerTweaker
[08:28:57] [main/INFO] [LaunchWrapper]: Loading tweak class name net.minecraftforge.gradle.tweakers.CoremodTweaker
[08:28:57] [main/INFO] [LaunchWrapper]: Calling tweak class net.minecraftforge.fml.common.launcher.FMLServerTweaker
[08:29:39] [main/INFO] [GradleStart]: username: miguel.mzbi@gmail.com
[08:29:39] [main/INFO] [GradleStart]: Extra: []
[08:29:39] [main/INFO] [GradleStart]: Password found, attempting login
[08:29:40] [main/ERROR] [GradleStart]: -- Login failed!  Cannot contact authentication server
[08:30:00] [main/INFO] [GradleStart]: username: miguel.mzbi@gmail.com
[08:30:00] [main/INFO] [GradleStart]: Extra: []
[08:30:00] [main/INFO] [GradleStart]: Password found, attempting login
[08:30:01] [main/ERROR] [GradleStart]: -- Login failed!  Cannot contact authentication server
[08:30:26] [main/INFO] [GradleStart]: username: miguel.mzbi@gmail.com
[08:30:26] [main/INFO] [GradleStart]: Extra: []
[08:30:26] [main/INFO] [GradleStart]: Password found, attempting login
[08:30:26] [main/ERROR] [GradleStart]: -- Login failed!  Cannot contact authentication server
[08:31:09] [main/INFO] [GradleStart]: username: miguel.mzbi@gmail.com
[08:31:09] [main/INFO] [GradleStart]: Extra: []
[08:31:09] [main/INFO] [GradleStart]: Password found, attempting login
[08:31:09] [main/ERROR] [GradleStart]: -- Login failed!  Cannot contact authentication server
[08:34:18] [main/INFO] [GradleStart]: username: miguel.mzbi@gmail.com
[08:34:18] [main/INFO] [GradleStart]: Extra: []
[08:34:18] [main/INFO] [GradleStart]: Password found, attempting login
[08:34:19] [main/INFO] [GradleStart]: Login Succesful!
[08:34:19] [main/INFO] [GradleStart]: Running with arguments: [--userProperties, [], --assetsDir, /home/miguel/.gradle/caches/minecraft/assets, --assetIndex, 1.8, --userType, mojang, --accessToken{REDACTED}, --version, 1.8.9, --uuid, 05b238af439b445694c883ee89589424, --username, osoazul1_1, --tweakClass, net.minecraftforge.fml.common.launcher.FMLTweaker, --tweakClass, net.minecraftforge.gradle.tweakers.CoremodTweaker]
[08:34:19] [main/INFO] [LaunchWrapper]: Loading tweak class name net.minecraftforge.fml.common.launcher.FMLTweaker
[08:34:19] [main/INFO] [LaunchWrapper]: Using primary tweak class name net.minecraftforge.fml.common.launcher.FMLTweaker
[08:34:19] [main/INFO] [LaunchWrapper]: Loading tweak class name net.minecraftforge.gradle.tweakers.CoremodTweaker
[08:34:19] [main/INFO] [LaunchWrapper]: Calling tweak class net.minecraftforge.fml.common.launcher.FMLTweaker
[09:25:24] [main/INFO] [GradleStart]: Extra: []
[09:25:24] [main/INFO] [GradleStart]: Running with arguments: [--tweakClass, net.minecraftforge.fml.common.launcher.FMLServerTweaker, --tweakClass, net.minecraftforge.gradle.tweakers.CoremodTweaker]
[09:25:24] [main/INFO] [LaunchWrapper]: Loading tweak class name net.minecraftforge.fml.common.launcher.FMLServerTweaker
[09:25:24] [main/INFO] [LaunchWrapper]: Using primary tweak class name net.minecraftforge.fml.common.launcher.FMLServerTweaker
[09:25:24] [main/INFO] [LaunchWrapper]: Loading tweak class name net.minecraftforge.gradle.tweakers.CoremodTweaker
[09:25:24] [main/INFO] [LaunchWrapper]: Calling tweak class net.minecraftforge.fml.common.launcher.FMLServerTweaker
[09:26:00] [main/INFO] [GradleStart]: username: miguel.mzbi@gmail.com
[09:26:00] [main/INFO] [GradleStart]: Extra: []
[09:26:00] [main/INFO] [GradleStart]: Password found, attempting login
[09:26:01] [main/INFO] [GradleStart]: Login Succesful!
[09:26:01] [main/INFO] [GradleStart]: Running with arguments: [--userProperties, [], --assetsDir, /home/miguel/.gradle/caches/minecraft/assets, --assetIndex, 1.8, --userType, mojang, --accessToken{REDACTED}, --version, 1.8.9, --uuid, 05b238af439b445694c883ee89589424, --username, osoazul1_1, --tweakClass, net.minecraftforge.fml.common.launcher.FMLTweaker, --tweakClass, net.minecraftforge.gradle.tweakers.CoremodTweaker]
[09:26:01] [main/INFO] [LaunchWrapper]: Loading tweak class name net.minecraftforge.fml.common.launcher.FMLTweaker
[09:26:01] [main/INFO] [LaunchWrapper]: Using primary tweak class name net.minecraftforge.fml.common.launcher.FMLTweaker
[09:26:01] [main/INFO] [LaunchWrapper]: Loading tweak class name net.minecraftforge.gradle.tweakers.CoremodTweaker
[09:26:01] [main/INFO] [LaunchWrapper]: Calling tweak class net.minecraftforge.fml.common.launcher.FMLTweaker
[08:38:47] [main/INFO] [GradleStart]: username: miguel.mzbi@gmail.com
[08:38:47] [main/INFO] [GradleStart]: Extra: []
[08:38:47] [main/INFO] [GradleStart]: Password found, attempting login
[08:38:48] [main/INFO] [GradleStart]: Login Succesful!
[08:38:49] [main/INFO] [GradleStart]: Running with arguments: [--userProperties, [], --assetsDir, /home/miguel/.gradle/caches/minecraft/assets, --assetIndex, 1.8, --userType, mojang, --accessToken{REDACTED}, --version, 1.8.9, --uuid, 05b238af439b445694c883ee89589424, --username, osoazul1_1, --tweakClass, net.minecraftforge.fml.common.launcher.FMLTweaker, --tweakClass, net.minecraftforge.gradle.tweakers.CoremodTweaker]
[08:38:49] [main/INFO] [LaunchWrapper]: Loading tweak class name net.minecraftforge.fml.common.launcher.FMLTweaker
[08:38:49] [main/INFO] [LaunchWrapper]: Using primary tweak class name net.minecraftforge.fml.common.launcher.FMLTweaker
[08:38:49] [main/INFO] [LaunchWrapper]: Loading tweak class name net.minecraftforge.gradle.tweakers.CoremodTweaker
[08:38:49] [main/INFO] [LaunchWrapper]: Calling tweak class net.minecraftforge.fml.common.launcher.FMLTweaker
